<?xml version="1.0" encoding="UTF-8"?>
<!-- Generated by org.testng.reporters.JUnitXMLReporter -->
<testsuite hostname="LAPTOP-5SV0R4LA" ignored="1" name="Command line test" tests="6" failures="0" timestamp="2022-05-22T15:54:45 CDT" time="39.584" errors="0">
  <testcase name="testAppleTitle" time="0.986" classname="scripts._01_AppleTest"/>
  <testcase name="testAppleURL" time="0.758" classname="scripts._01_AppleTest"/>
  <testcase name="testAplicationFromHeading" time="0.778" classname="scripts._02_TechGlobalTest"/>
  <testcase name="testEtsyLogo" time="1.904" classname="scripts._03_EtsyTest"/>
  <testcase name="testEtsySearch" time="1.815" classname="scripts._03_EtsyTest"/>
  <testcase name="testEtsySearchResult" time="3.473" classname="scripts._03_EtsyTest"/>
  <testcase name="X" time="0.0" classname="scripts._01_AppleTest">
    <ignored/>
  </testcase> <!-- X -->
</testsuite> <!-- Command line test -->
