<?xml version="1.0" encoding="UTF-8"?>
<testng-results skipped="0" failed="1" ignored="0" total="5" passed="4">
  <reporter-output>
  </reporter-output>
  <suite name="Command line suite" duration-ms="30095" started-at="2022-05-22T11:22:25 CDT" finished-at="2022-05-22T11:22:56 CDT">
    <groups>
    </groups>
    <test name="Command line test" duration-ms="30095" started-at="2022-05-22T11:22:25 CDT" finished-at="2022-05-22T11:22:56 CDT">
      <class name="scripts._03_EtsyTest">
        <test-method status="PASS" signature="setup()[pri:0, instance:scripts._03_EtsyTest@57fffcd7]" name="setup" is-config="true" duration-ms="1117" started-at="2022-05-22T11:22:49 CDT" finished-at="2022-05-22T11:22:50 CDT">
          <reporter-output>
          </reporter-output>
        </test-method> <!-- setup -->
        <test-method status="PASS" signature="testEtsyLogo()[pri:0, instance:scripts._03_EtsyTest@57fffcd7]" name="testEtsyLogo" duration-ms="1961" started-at="2022-05-22T11:22:50 CDT" finished-at="2022-05-22T11:22:52 CDT">
          <reporter-output>
          </reporter-output>
        </test-method> <!-- testEtsyLogo -->
        <test-method status="PASS" signature="teardown()[pri:0, instance:scripts._03_EtsyTest@57fffcd7]" name="teardown" is-config="true" duration-ms="3763" started-at="2022-05-22T11:22:52 CDT" finished-at="2022-05-22T11:22:56 CDT">
          <reporter-output>
          </reporter-output>
        </test-method> <!-- teardown -->
      </class> <!-- scripts._03_EtsyTest -->
      <class name="scripts._02_TechGlobalTest">
        <test-method status="PASS" signature="setup()[pri:0, instance:scripts._02_TechGlobalTest@3abbfa04]" name="setup" is-config="true" duration-ms="1119" started-at="2022-05-22T11:22:43 CDT" finished-at="2022-05-22T11:22:44 CDT">
          <reporter-output>
          </reporter-output>
        </test-method> <!-- setup -->
        <test-method status="PASS" signature="testAplicationFromHeading()[pri:0, instance:scripts._02_TechGlobalTest@3abbfa04]" name="testAplicationFromHeading" duration-ms="718" started-at="2022-05-22T11:22:44 CDT" finished-at="2022-05-22T11:22:45 CDT">
          <reporter-output>
          </reporter-output>
        </test-method> <!-- testAplicationFromHeading -->
        <test-method status="PASS" signature="teardown()[pri:0, instance:scripts._02_TechGlobalTest@3abbfa04]" name="teardown" is-config="true" duration-ms="3721" started-at="2022-05-22T11:22:45 CDT" finished-at="2022-05-22T11:22:49 CDT">
          <reporter-output>
          </reporter-output>
        </test-method> <!-- teardown -->
      </class> <!-- scripts._02_TechGlobalTest -->
      <class name="scripts._01_AppleTest">
        <test-method status="PASS" signature="setup()[pri:0, instance:scripts._01_AppleTest@239963d8]" name="setup" is-config="true" duration-ms="1759" started-at="2022-05-22T11:22:25 CDT" finished-at="2022-05-22T11:22:27 CDT">
          <reporter-output>
          </reporter-output>
        </test-method> <!-- setup -->
        <test-method status="FAIL" signature="X()[pri:0, instance:scripts._01_AppleTest@239963d8]" name="X" duration-ms="3" started-at="2022-05-22T11:22:27 CDT" finished-at="2022-05-22T11:22:27 CDT">
          <exception class="java.lang.AssertionError">
            <message>
              <![CDATA[Failure on purpose]]>
            </message>
            <full-stacktrace>
              <![CDATA[java.lang.AssertionError: Failure on purpose
at org.testng.Assert.fail(Assert.java:97)
at scripts._01_AppleTest.X(_01_AppleTest.java:55)
at sun.reflect.NativeMethodAccessorImpl.invoke0(Native Method)
at sun.reflect.NativeMethodAccessorImpl.invoke(NativeMethodAccessorImpl.java:62)
at sun.reflect.DelegatingMethodAccessorImpl.invoke(DelegatingMethodAccessorImpl.java:43)
at java.lang.reflect.Method.invoke(Method.java:498)
at org.testng.internal.MethodInvocationHelper.invokeMethod(MethodInvocationHelper.java:134)
at org.testng.internal.TestInvoker.invokeMethod(TestInvoker.java:597)
at org.testng.internal.TestInvoker.invokeTestMethod(TestInvoker.java:173)
at org.testng.internal.MethodRunner.runInSequence(MethodRunner.java:46)
at org.testng.internal.TestInvoker$MethodInvocationAgent.invoke(TestInvoker.java:816)
at org.testng.internal.TestInvoker.invokeTestMethods(TestInvoker.java:146)
at org.testng.internal.TestMethodWorker.invokeTestMethods(TestMethodWorker.java:146)
at org.testng.internal.TestMethodWorker.run(TestMethodWorker.java:128)
at java.util.ArrayList.forEach(ArrayList.java:1259)
at org.testng.TestRunner.privateRun(TestRunner.java:766)
at org.testng.TestRunner.run(TestRunner.java:587)
at org.testng.SuiteRunner.runTest(SuiteRunner.java:384)
at org.testng.SuiteRunner.runSequentially(SuiteRunner.java:378)
at org.testng.SuiteRunner.privateRun(SuiteRunner.java:337)
at org.testng.SuiteRunner.run(SuiteRunner.java:286)
at org.testng.SuiteRunnerWorker.runSuite(SuiteRunnerWorker.java:53)
at org.testng.SuiteRunnerWorker.run(SuiteRunnerWorker.java:96)
at org.testng.TestNG.runSuitesSequentially(TestNG.java:1187)
at org.testng.TestNG.runSuitesLocally(TestNG.java:1109)
at org.testng.TestNG.runSuites(TestNG.java:1039)
at org.testng.TestNG.run(TestNG.java:1007)
at org.apache.maven.surefire.testng.TestNGExecutor.run(TestNGExecutor.java:77)
at org.apache.maven.surefire.testng.TestNGDirectoryTestSuite.executeMulti(TestNGDirectoryTestSuite.java:159)
at org.apache.maven.surefire.testng.TestNGDirectoryTestSuite.execute(TestNGDirectoryTestSuite.java:99)
at org.apache.maven.surefire.testng.TestNGProvider.invoke(TestNGProvider.java:106)
at sun.reflect.NativeMethodAccessorImpl.invoke0(Native Method)
at sun.reflect.NativeMethodAccessorImpl.invoke(NativeMethodAccessorImpl.java:62)
at sun.reflect.DelegatingMethodAccessorImpl.invoke(DelegatingMethodAccessorImpl.java:43)
at java.lang.reflect.Method.invoke(Method.java:498)
at org.apache.maven.surefire.util.ReflectionUtils.invokeMethodWithArray(ReflectionUtils.java:189)
at org.apache.maven.surefire.booter.ProviderFactory$ProviderProxy.invoke(ProviderFactory.java:165)
at org.apache.maven.surefire.booter.ProviderFactory.invokeProvider(ProviderFactory.java:85)
at org.apache.maven.surefire.booter.ForkedBooter.runSuitesInProcess(ForkedBooter.java:115)
at org.apache.maven.surefire.booter.ForkedBooter.main(ForkedBooter.java:75)
]]>
            </full-stacktrace>
          </exception> <!-- java.lang.AssertionError -->
          <reporter-output>
          </reporter-output>
        </test-method> <!-- X -->
        <test-method status="PASS" signature="teardown()[pri:0, instance:scripts._01_AppleTest@239963d8]" name="teardown" is-config="true" duration-ms="3699" started-at="2022-05-22T11:22:27 CDT" finished-at="2022-05-22T11:22:31 CDT">
          <reporter-output>
          </reporter-output>
        </test-method> <!-- teardown -->
        <test-method status="PASS" signature="setup()[pri:0, instance:scripts._01_AppleTest@239963d8]" name="setup" is-config="true" duration-ms="1142" started-at="2022-05-22T11:22:31 CDT" finished-at="2022-05-22T11:22:32 CDT">
          <reporter-output>
          </reporter-output>
        </test-method> <!-- setup -->
        <test-method status="PASS" signature="testAppleTitle()[pri:0, instance:scripts._01_AppleTest@239963d8]" name="testAppleTitle" duration-ms="1015" started-at="2022-05-22T11:22:32 CDT" finished-at="2022-05-22T11:22:33 CDT">
          <reporter-output>
          </reporter-output>
        </test-method> <!-- testAppleTitle -->
        <test-method status="PASS" signature="teardown()[pri:0, instance:scripts._01_AppleTest@239963d8]" name="teardown" is-config="true" duration-ms="3717" started-at="2022-05-22T11:22:33 CDT" finished-at="2022-05-22T11:22:37 CDT">
          <reporter-output>
          </reporter-output>
        </test-method> <!-- teardown -->
        <test-method status="PASS" signature="setup()[pri:0, instance:scripts._01_AppleTest@239963d8]" name="setup" is-config="true" duration-ms="1122" started-at="2022-05-22T11:22:37 CDT" finished-at="2022-05-22T11:22:38 CDT">
          <reporter-output>
          </reporter-output>
        </test-method> <!-- setup -->
        <test-method status="PASS" signature="testAppleURL()[pri:0, instance:scripts._01_AppleTest@239963d8]" name="testAppleURL" duration-ms="1474" started-at="2022-05-22T11:22:38 CDT" finished-at="2022-05-22T11:22:39 CDT">
          <reporter-output>
          </reporter-output>
        </test-method> <!-- testAppleURL -->
        <test-method status="PASS" signature="teardown()[pri:0, instance:scripts._01_AppleTest@239963d8]" name="teardown" is-config="true" duration-ms="3733" started-at="2022-05-22T11:22:39 CDT" finished-at="2022-05-22T11:22:43 CDT">
          <reporter-output>
          </reporter-output>
        </test-method> <!-- teardown -->
      </class> <!-- scripts._01_AppleTest -->
    </test> <!-- Command line test -->
  </suite> <!-- Command line suite -->
</testng-results>
